<?xml version="1.0" encoding="UTF-8"?>
<!-- Generated by org.testng.reporters.JUnitXMLReporter -->
<testsuite hostname="DESKTOP-4OF08PT" failures="0" tests="3" name="My First Test" time="0.063" errors="0" timestamp="26 Sep 2019 17:31:26 GMT">
  <testcase classname="testNg.ParameterTEstNg" name="addTwoNumbers" time="0.015"/>
  <testcase classname="testNg.ParameterTEstNg" name="addTwoNumbers" time="0.0"/>
  <testcase classname="testNg.ParameterTEstNg" name="addTwoNumbers" time="0.001"/>
</testsuite> <!-- My First Test -->
