<?xml version="1.0" encoding="UTF-8"?>
<testng-results total="3" passed="3" failed="0" skipped="0">
  <reporter-output>
  </reporter-output>
  <suite started-at="2019-09-26T17:31:26Z" name="My First Testng Suit" finished-at="2019-09-26T17:31:26Z" duration-ms="63">
    <groups>
    </groups>
    <test started-at="2019-09-26T17:31:26Z" name="My First Test" finished-at="2019-09-26T17:31:26Z" duration-ms="63">
      <class name="testNg.ParameterTEstNg">
        <test-method signature="addTwoNumbers(int, int)[pri:0, instance:testNg.ParameterTEstNg@33c7e1bb]" started-at="2019-09-26T23:01:26Z" name="addTwoNumbers" data-provider="addition" finished-at="2019-09-26T23:01:26Z" duration-ms="15" status="PASS">
          <params>
            <param index="0">
              <value>
                <![CDATA[2]]>
              </value>
            </param>
            <param index="1">
              <value>
                <![CDATA[3]]>
              </value>
            </param>
          </params>
          <reporter-output>
          </reporter-output>
        </test-method> <!-- addTwoNumbers -->
        <test-method signature="addTwoNumbers(int, int)[pri:0, instance:testNg.ParameterTEstNg@33c7e1bb]" started-at="2019-09-26T23:01:26Z" name="addTwoNumbers" data-provider="addition" finished-at="2019-09-26T23:01:26Z" duration-ms="0" status="PASS">
          <params>
            <param index="0">
              <value>
                <![CDATA[-4]]>
              </value>
            </param>
            <param index="1">
              <value>
                <![CDATA[89]]>
              </value>
            </param>
          </params>
          <reporter-output>
          </reporter-output>
        </test-method> <!-- addTwoNumbers -->
        <test-method signature="addTwoNumbers(int, int)[pri:0, instance:testNg.ParameterTEstNg@33c7e1bb]" started-at="2019-09-26T23:01:26Z" name="addTwoNumbers" data-provider="addition" finished-at="2019-09-26T23:01:26Z" duration-ms="1" status="PASS">
          <params>
            <param index="0">
              <value>
                <![CDATA[222]]>
              </value>
            </param>
            <param index="1">
              <value>
                <![CDATA[-9]]>
              </value>
            </param>
          </params>
          <reporter-output>
          </reporter-output>
        </test-method> <!-- addTwoNumbers -->
      </class> <!-- testNg.ParameterTEstNg -->
    </test> <!-- My First Test -->
  </suite> <!-- My First Testng Suit -->
</testng-results>
